2023-11-30T10:38:29.562+03:30 ERROR 8660 --- [TaskBatchingWorker-target_localhost-18] c.n.e.cluster.ReplicationTaskProcessor   : Network level connection to peer localhost; retrying after delay

jakarta.ws.rs.ProcessingException: org.apache.http.conn.HttpHostConnectException: Connect to localhost:8761 [localhost/127.0.0.1, localhost/0:0:0:0:0:0:0:1] failed: Connection refused: no further information
	at org.glassfish.jersey.apache.connector.ApacheConnector.apply(ApacheConnector.java:531) ~[jersey-apache-connector-3.1.3.jar:na]
	at org.glassfish.jersey.client.ClientRuntime.invoke(ClientRuntime.java:300) ~[jersey-client-3.1.3.jar:na]
	at org.glassfish.jersey.client.JerseyInvocation.lambda$invoke$0(JerseyInvocation.java:662) ~[jersey-client-3.1.3.jar:na]
	at org.glassfish.jersey.client.JerseyInvocation.call(JerseyInvocation.java:697) ~[jersey-client-3.1.3.jar:na]
	at org.glassfish.jersey.client.JerseyInvocation.lambda$runInScope$3(JerseyInvocation.java:691) ~[jersey-client-3.1.3.jar:na]
	at org.glassfish.jersey.internal.Errors.process(Errors.java:292) ~[jersey-common-3.1.3.jar:na]
	at org.glassfish.jersey.internal.Errors.process(Errors.java:274) ~[jersey-common-3.1.3.jar:na]
	at org.glassfish.jersey.internal.Errors.process(Errors.java:205) ~[jersey-common-3.1.3.jar:na]
	at org.glassfish.jersey.process.internal.RequestScope.runInScope(RequestScope.java:390) ~[jersey-common-3.1.3.jar:na]
	at org.glassfish.jersey.client.JerseyInvocation.runInScope(JerseyInvocation.java:691) ~[jersey-client-3.1.3.jar:na]
	at org.glassfish.jersey.client.JerseyInvocation.invoke(JerseyInvocation.java:661) ~[jersey-client-3.1.3.jar:na]
	at org.glassfish.jersey.client.JerseyInvocation$Builder.method(JerseyInvocation.java:439) ~[jersey-client-3.1.3.jar:na]
	at org.glassfish.jersey.client.JerseyInvocation$Builder.post(JerseyInvocation.java:345) ~[jersey-client-3.1.3.jar:na]
	at com.netflix.eureka.transport.Jersey3ReplicationClient.submitBatchUpdates(Jersey3ReplicationClient.java:116) ~[eureka-core-jersey3-2.0.1.jar:2.0.1]
	at com.netflix.eureka.cluster.ReplicationTaskProcessor.process(ReplicationTaskProcessor.java:80) ~[eureka-core-2.0.1.jar:2.0.1]
	at com.netflix.eureka.util.batcher.TaskExecutors$BatchWorkerRunnable.run(TaskExecutors.java:190) ~[eureka-core-2.0.1.jar:2.0.1]
	at java.base/java.lang.Thread.run(Thread.java:833) ~[na:na]
Caused by: org.apache.http.conn.HttpHostConnectException: Connect to localhost:8761 [localhost/127.0.0.1, localhost/0:0:0:0:0:0:0:1] failed: Connection refused: no further information
	at org.apache.http.impl.conn.DefaultHttpClientConnectionOperator.connect(DefaultHttpClientConnectionOperator.java:159) ~[httpclient-4.5.3.jar:4.5.3]
	at org.apache.http.impl.conn.PoolingHttpClientConnectionManager.connect(PoolingHttpClientConnectionManager.java:359) ~[httpclient-4.5.3.jar:4.5.3]
	at org.apache.http.impl.execchain.MainClientExec.establishRoute(MainClientExec.java:381) ~[httpclient-4.5.3.jar:4.5.3]
	at org.apache.http.impl.execchain.MainClientExec.execute(MainClientExec.java:237) ~[httpclient-4.5.3.jar:4.5.3]
	at org.apache.http.impl.execchain.ProtocolExec.execute(ProtocolExec.java:185) ~[httpclient-4.5.3.jar:4.5.3]
	at org.apache.http.impl.execchain.RetryExec.execute(RetryExec.java:89) ~[httpclient-4.5.3.jar:4.5.3]
	at org.apache.http.impl.execchain.RedirectExec.execute(RedirectExec.java:111) ~[httpclient-4.5.3.jar:4.5.3]
	at org.apache.http.impl.client.InternalHttpClient.doExecute(InternalHttpClient.java:185) ~[httpclient-4.5.3.jar:4.5.3]
	at org.apache.http.impl.client.CloseableHttpClient.execute(CloseableHttpClient.java:72) ~[httpclient-4.5.3.jar:4.5.3]
	at org.glassfish.jersey.apache.connector.ApacheConnector.apply(ApacheConnector.java:483) ~[jersey-apache-connector-3.1.3.jar:na]
	... 16 common frames omitted
Caused by: java.net.ConnectException: Connection refused: no further information
	at java.base/sun.nio.ch.Net.pollConnect(Native Method) ~[na:na]
	at java.base/sun.nio.ch.Net.pollConnectNow(Net.java:672) ~[na:na]
	at java.base/sun.nio.ch.NioSocketImpl.timedFinishConnect(NioSocketImpl.java:542) ~[na:na]
	at java.base/sun.nio.ch.NioSocketImpl.connect(NioSocketImpl.java:597) ~[na:na]
	at java.base/java.net.SocksSocketImpl.connect(SocksSocketImpl.java:327) ~[na:na]
	at java.base/java.net.Socket.connect(Socket.java:633) ~[na:na]
	at org.apache.http.conn.socket.PlainConnectionSocketFactory.connectSocket(PlainConnectionSocketFactory.java:75) ~[httpclient-4.5.3.jar:4.5.3]
	at org.apache.http.impl.conn.DefaultHttpClientConnectionOperator.connect(DefaultHttpClientConnectionOperator.java:142) ~[httpclient-4.5.3.jar:4.5.3]
	... 25 common frames omitted

2023-11-30T10:38:35.967+03:30  INFO 8660 --- [SpringApplicationShutdownHook] c.n.eureka.DefaultEurekaServerContext    : Shutting down ...
2023-11-30T10:38:35.973+03:30  INFO 8660 --- [SpringApplicationShutdownHook] com.netflix.servo.monitor.StatsMonitor   : Attempting to get the value for an expired monitor: eurekaServer.replication.batchSize.Will start computing stats again.
2023-11-30T10:38:35.979+03:30  INFO 8660 --- [SpringApplicationShutdownHook] com.netflix.servo.monitor.StatsMonitor   : Attempting to get the value for an expired monitor: eurekaServer.replication.executionTime.Will start computing stats again.
2023-11-30T10:38:35.981+03:30  INFO 8660 --- [SpringApplicationShutdownHook] com.netflix.servo.monitor.StatsMonitor   : Attempting to get the value for an expired monitor: eurekaServer.replication.executionTime.Will start computing stats again.
2023-11-30T10:38:35.982+03:30  INFO 8660 --- [SpringApplicationShutdownHook] com.netflix.servo.monitor.StatsMonitor   : Attempting to get the value for an expired monitor: eurekaServer.replication.batchSize.Will start computing stats again.
2023-11-30T10:38:36.045+03:30  INFO 8660 --- [SpringApplicationShutdownHook] c.n.eureka.DefaultEurekaServerContext    : Shut down
2023-11-30T10:38:36.054+03:30  INFO 8660 --- [SpringApplicationShutdownHook] c.n.eureka.DefaultEurekaServerContext    : Shutting down ...
2023-11-30T10:38:36.072+03:30  INFO 8660 --- [SpringApplicationShutdownHook] c.n.eureka.DefaultEurekaServerContext    : Shut down
2023-11-30T10:38:36.204+03:30  INFO 8660 --- [SpringApplicationShutdownHook] com.netflix.discovery.DiscoveryClient    : Shutting down DiscoveryClient ...
2023-11-30T10:38:36.209+03:30  INFO 8660 --- [SpringApplicationShutdownHook] com.netflix.discovery.DiscoveryClient    : Completed shut down of DiscoveryClient
